<?xml version="1.0" encoding="UTF-8"?>
<testng-results skipped="0" failed="0" total="1" passed="1">
  <reporter-output>
  </reporter-output>
  <suite name="Command line suite" duration-ms="46" started-at="2014-02-03T05:10:03Z" finished-at="2014-02-03T05:10:03Z">
    <groups>
    </groups>
    <test name="Command line test" duration-ms="46" started-at="2014-02-03T05:10:03Z" finished-at="2014-02-03T05:10:03Z">
      <class name="AnnotationExample.BaseTest">
        <test-method status="PASS" signature="testSetup()[pri:0, instance:AnnotationExample.BaseTest@117c323d]" name="testSetup" is-config="true" duration-ms="30" started-at="2014-02-02T21:10:03Z" finished-at="2014-02-02T21:10:03Z">
          <reporter-output>
          </reporter-output>
        </test-method> <!-- testSetup -->
        <test-method status="PASS" signature="test()[pri:0, instance:AnnotationExample.BaseTest@117c323d]" name="test" duration-ms="1" started-at="2014-02-02T21:10:03Z" finished-at="2014-02-02T21:10:03Z">
          <reporter-output>
          </reporter-output>
        </test-method> <!-- test -->
        <test-method status="PASS" signature="testCleanup()[pri:0, instance:AnnotationExample.BaseTest@117c323d]" name="testCleanup" is-config="true" duration-ms="0" started-at="2014-02-02T21:10:03Z" finished-at="2014-02-02T21:10:03Z">
          <reporter-output>
          </reporter-output>
        </test-method> <!-- testCleanup -->
      </class> <!-- AnnotationExample.BaseTest -->
    </test> <!-- Command line test -->
  </suite> <!-- Command line suite -->
</testng-results>
